0 verbose cli /home/pranavjha0002/.nvm/versions/node/v20.16.0/bin/node /home/pranavjha0002/.nvm/versions/node/v20.16.0/bin/npm
1 info using npm@10.8.1
2 info using node@v20.16.0
3 silly config load:file:/home/pranavjha0002/.nvm/versions/node/v20.16.0/lib/node_modules/npm/npmrc
4 silly config load:file:/home/pranavjha0002/.npmrc
5 silly config load:file:/home/pranavjha0002/.nvm/versions/node/v20.16.0/etc/npmrc
6 verbose title npm i @swisstronik/utils
7 verbose argv "i" "@swisstronik/utils"
8 verbose logfile logs-max:10 dir:/home/pranavjha0002/.npm/_logs/2024-08-06T16_45_23_058Z-
9 verbose logfile /home/pranavjha0002/.npm/_logs/2024-08-06T16_45_23_058Z-debug-0.log
10 silly packumentCache heap:2197815296 maxSize:549453824 maxEntrySize:274726912
11 silly logfile start cleaning logs, removing 1 files
12 silly logfile done cleaning log files
13 silly idealTree buildDeps
14 silly fetch manifest @swisstronik/utils@*
15 silly packumentCache full:https://registry.npmjs.org/@swisstronik%2futils cache-miss
16 http fetch GET 200 https://registry.npmjs.org/@swisstronik%2futils 442ms (cache miss)
17 silly packumentCache full:https://registry.npmjs.org/@swisstronik%2futils set size:undefined disposed:false
18 silly placeDep ROOT @swisstronik/utils@1.3.0 OK for:  want: *
19 silly fetch manifest @noble/hashes@^1.3.0
20 silly packumentCache full:https://registry.npmjs.org/@noble%2fhashes cache-miss
21 http fetch GET 200 https://registry.npmjs.org/@noble%2fhashes 13ms (cache hit)
22 silly packumentCache full:https://registry.npmjs.org/@noble%2fhashes set size:159005 disposed:false
23 silly fetch manifest @oasisprotocol/deoxysii@0.0.5
24 silly packumentCache full:https://registry.npmjs.org/@oasisprotocol%2fdeoxysii cache-miss
25 http fetch GET 200 https://registry.npmjs.org/@oasisprotocol%2fdeoxysii 594ms (cache miss)
26 silly packumentCache full:https://registry.npmjs.org/@oasisprotocol%2fdeoxysii set size:undefined disposed:false
27 silly fetch manifest axios@^1.3.6
28 silly packumentCache full:https://registry.npmjs.org/axios cache-miss
29 http fetch GET 200 https://registry.npmjs.org/axios 135ms (cache revalidated)
30 silly packumentCache full:https://registry.npmjs.org/axios set size:552448 disposed:false
31 silly fetch manifest bech32@^2.0.0
32 silly packumentCache full:https://registry.npmjs.org/bech32 cache-miss
33 http fetch GET 200 https://registry.npmjs.org/bech32 86ms (cache revalidated)
34 silly packumentCache full:https://registry.npmjs.org/bech32 set size:20789 disposed:false
35 silly fetch manifest ethers@5.7.2
36 silly packumentCache full:https://registry.npmjs.org/ethers cache-miss
37 http fetch GET 200 https://registry.npmjs.org/ethers 115ms (cache revalidated)
38 silly packumentCache full:https://registry.npmjs.org/ethers set size:1309679 disposed:false
39 silly fetch manifest rlp@^3.0.0
40 silly packumentCache full:https://registry.npmjs.org/rlp cache-miss
41 http fetch GET 200 https://registry.npmjs.org/rlp 6ms (cache hit)
42 silly packumentCache full:https://registry.npmjs.org/rlp set size:87105 disposed:false
43 silly placeDep node_modules/@swisstronik/utils @noble/hashes@1.4.0 OK for: @swisstronik/utils@1.3.0 want: ^1.3.0
44 silly placeDep ROOT @oasisprotocol/deoxysii@0.0.5 OK for: @swisstronik/utils@1.3.0 want: 0.0.5
45 silly placeDep ROOT axios@1.7.3 OK for: @swisstronik/utils@1.3.0 want: ^1.3.6
46 silly placeDep ROOT bech32@2.0.0 OK for: @swisstronik/utils@1.3.0 want: ^2.0.0
47 silly placeDep ROOT ethers@5.7.2 OK for: @swisstronik/utils@1.3.0 want: 5.7.2
48 silly placeDep node_modules/@swisstronik/utils rlp@3.0.0 OK for: @swisstronik/utils@1.3.0 want: ^3.0.0
49 silly fetch manifest bsaes@0.0.2
50 silly packumentCache full:https://registry.npmjs.org/bsaes cache-miss
51 http fetch GET 200 https://registry.npmjs.org/bsaes 121ms (cache miss)
52 silly packumentCache full:https://registry.npmjs.org/bsaes set size:undefined disposed:false
53 silly fetch manifest uint32@^0.2.1
54 silly packumentCache full:https://registry.npmjs.org/uint32 cache-miss
55 http fetch GET 200 https://registry.npmjs.org/uint32 255ms (cache miss)
56 silly packumentCache full:https://registry.npmjs.org/uint32 set size:undefined disposed:false
57 silly fetch manifest form-data@^4.0.0
58 silly packumentCache full:https://registry.npmjs.org/form-data cache-miss
59 http fetch GET 200 https://registry.npmjs.org/form-data 123ms (cache revalidated)
60 silly packumentCache full:https://registry.npmjs.org/form-data set size:117324 disposed:false
61 silly fetch manifest proxy-from-env@^1.1.0
62 silly packumentCache full:https://registry.npmjs.org/proxy-from-env cache-miss
63 http fetch GET 200 https://registry.npmjs.org/proxy-from-env 50ms (cache revalidated)
64 silly packumentCache full:https://registry.npmjs.org/proxy-from-env set size:15831 disposed:false
65 silly fetch manifest @ethersproject/sha2@5.7.0
66 silly packumentCache full:https://registry.npmjs.org/@ethersproject%2fsha2 cache-miss
67 http fetch GET 200 https://registry.npmjs.org/@ethersproject%2fsha2 112ms (cache revalidated)
68 silly packumentCache full:https://registry.npmjs.org/@ethersproject%2fsha2 set size:104465 disposed:false
69 silly fetch manifest @ethersproject/basex@5.7.0
70 silly packumentCache full:https://registry.npmjs.org/@ethersproject%2fbasex cache-miss
71 http fetch GET 200 https://registry.npmjs.org/@ethersproject%2fbasex 81ms (cache revalidated)
72 silly packumentCache full:https://registry.npmjs.org/@ethersproject%2fbasex set size:89344 disposed:false
73 silly fetch manifest @ethersproject/units@5.7.0
74 silly packumentCache full:https://registry.npmjs.org/@ethersproject%2funits cache-miss
75 http fetch GET 200 https://registry.npmjs.org/@ethersproject%2funits 99ms (cache revalidated)
76 silly packumentCache full:https://registry.npmjs.org/@ethersproject%2funits set size:98611 disposed:false
77 silly fetch manifest @ethersproject/hdnode@5.7.0
78 silly packumentCache full:https://registry.npmjs.org/@ethersproject%2fhdnode cache-miss
79 http fetch GET 200 https://registry.npmjs.org/@ethersproject%2fhdnode 124ms (cache revalidated)
80 silly packumentCache full:https://registry.npmjs.org/@ethersproject%2fhdnode set size:132328 disposed:false
81 silly fetch manifest @ethersproject/pbkdf2@5.7.0
82 silly packumentCache full:https://registry.npmjs.org/@ethersproject%2fpbkdf2 cache-miss
83 http fetch GET 200 https://registry.npmjs.org/@ethersproject%2fpbkdf2 97ms (cache revalidated)
84 silly packumentCache full:https://registry.npmjs.org/@ethersproject%2fpbkdf2 set size:102516 disposed:false
85 silly fetch manifest @ethersproject/random@5.7.0
86 silly packumentCache full:https://registry.npmjs.org/@ethersproject%2frandom cache-miss
87 http fetch GET 200 https://registry.npmjs.org/@ethersproject%2frandom 131ms (cache revalidated)
88 silly packumentCache full:https://registry.npmjs.org/@ethersproject%2frandom set size:104380 disposed:false
89 silly fetch manifest @ethersproject/wallet@5.7.0
90 silly packumentCache full:https://registry.npmjs.org/@ethersproject%2fwallet cache-miss
91 http fetch GET 200 https://registry.npmjs.org/@ethersproject%2fwallet 87ms (cache revalidated)
92 silly packumentCache full:https://registry.npmjs.org/@ethersproject%2fwallet set size:187186 disposed:false
93 silly fetch manifest @ethersproject/solidity@5.7.0
94 silly packumentCache full:https://registry.npmjs.org/@ethersproject%2fsolidity cache-miss
95 http fetch GET 200 https://registry.npmjs.org/@ethersproject%2fsolidity 114ms (cache revalidated)
96 silly packumentCache full:https://registry.npmjs.org/@ethersproject%2fsolidity set size:96421 disposed:false
97 silly fetch manifest @ethersproject/contracts@5.7.0
98 silly packumentCache full:https://registry.npmjs.org/@ethersproject%2fcontracts cache-miss
99 http fetch GET 200 https://registry.npmjs.org/@ethersproject%2fcontracts 108ms (cache revalidated)
100 silly packumentCache full:https://registry.npmjs.org/@ethersproject%2fcontracts set size:180805 disposed:false
101 silly fetch manifest @ethersproject/providers@5.7.2
102 silly packumentCache full:https://registry.npmjs.org/@ethersproject%2fproviders cache-miss
103 http fetch GET 200 https://registry.npmjs.org/@ethersproject%2fproviders 125ms (cache revalidated)
104 silly packumentCache full:https://registry.npmjs.org/@ethersproject%2fproviders set size:457145 disposed:false
105 silly fetch manifest @ethersproject/wordlists@5.7.0
106 silly packumentCache full:https://registry.npmjs.org/@ethersproject%2fwordlists cache-miss
107 http fetch GET 200 https://registry.npmjs.org/@ethersproject%2fwordlists 111ms (cache revalidated)
108 silly packumentCache full:https://registry.npmjs.org/@ethersproject%2fwordlists set size:118702 disposed:false
109 silly fetch manifest @ethersproject/json-wallets@5.7.0
110 silly packumentCache full:https://registry.npmjs.org/@ethersproject%2fjson-wallets cache-miss
111 http fetch GET 200 https://registry.npmjs.org/@ethersproject%2fjson-wallets 118ms (cache revalidated)
112 silly packumentCache full:https://registry.npmjs.org/@ethersproject%2fjson-wallets set size:125401 disposed:false
113 silly placeDep ROOT bsaes@0.0.2 OK for: @oasisprotocol/deoxysii@0.0.5 want: 0.0.2
114 silly placeDep ROOT uint32@0.2.1 OK for: @oasisprotocol/deoxysii@0.0.5 want: ^0.2.1
115 silly placeDep ROOT form-data@4.0.0 OK for: axios@1.7.3 want: ^4.0.0
116 silly placeDep ROOT proxy-from-env@1.1.0 OK for: axios@1.7.3 want: ^1.1.0
117 silly fetch manifest asynckit@^0.4.0
118 silly packumentCache full:https://registry.npmjs.org/asynckit cache-miss
119 http fetch GET 200 https://registry.npmjs.org/asynckit 57ms (cache revalidated)
120 silly packumentCache full:https://registry.npmjs.org/asynckit set size:17357 disposed:false
121 silly fetch manifest combined-stream@^1.0.8
122 silly packumentCache full:https://registry.npmjs.org/combined-stream cache-miss
123 http fetch GET 200 https://registry.npmjs.org/combined-stream 58ms (cache revalidated)
124 silly packumentCache full:https://registry.npmjs.org/combined-stream set size:40337 disposed:false
125 silly fetch manifest mime-types@^2.1.12
126 silly packumentCache full:https://registry.npmjs.org/mime-types cache-miss
127 http fetch GET 200 https://registry.npmjs.org/mime-types 71ms (cache revalidated)
128 silly packumentCache full:https://registry.npmjs.org/mime-types set size:131008 disposed:false
129 silly placeDep ROOT @ethersproject/basex@5.7.0 OK for: ethers@5.7.2 want: 5.7.0
130 silly placeDep ROOT @ethersproject/contracts@5.7.0 OK for: ethers@5.7.2 want: 5.7.0
131 silly placeDep ROOT @ethersproject/hdnode@5.7.0 OK for: ethers@5.7.2 want: 5.7.0
132 silly placeDep ROOT @ethersproject/json-wallets@5.7.0 OK for: ethers@5.7.2 want: 5.7.0
133 silly placeDep ROOT @ethersproject/pbkdf2@5.7.0 OK for: ethers@5.7.2 want: 5.7.0
134 silly placeDep ROOT @ethersproject/providers@5.7.2 OK for: ethers@5.7.2 want: 5.7.2
135 silly placeDep ROOT @ethersproject/random@5.7.0 OK for: ethers@5.7.2 want: 5.7.0
136 silly placeDep ROOT @ethersproject/sha2@5.7.0 OK for: ethers@5.7.2 want: 5.7.0
137 silly placeDep ROOT @ethersproject/solidity@5.7.0 OK for: ethers@5.7.2 want: 5.7.0
138 silly placeDep ROOT @ethersproject/units@5.7.0 OK for: ethers@5.7.2 want: 5.7.0
139 silly placeDep ROOT @ethersproject/wallet@5.7.0 OK for: ethers@5.7.2 want: 5.7.0
140 silly placeDep ROOT @ethersproject/wordlists@5.7.0 OK for: ethers@5.7.2 want: 5.7.0
141 silly fetch manifest @ethersproject/pbkdf2@^5.7.0
142 silly packumentCache full:https://registry.npmjs.org/@ethersproject%2fpbkdf2 cache-hit
143 silly fetch manifest @ethersproject/sha2@^5.7.0
144 silly packumentCache full:https://registry.npmjs.org/@ethersproject%2fsha2 cache-hit
145 silly fetch manifest @ethersproject/wordlists@^5.7.0
146 silly packumentCache full:https://registry.npmjs.org/@ethersproject%2fwordlists cache-hit
147 silly fetch manifest @ethersproject/random@^5.7.0
148 silly packumentCache full:https://registry.npmjs.org/@ethersproject%2frandom cache-hit
149 silly fetch manifest aes-js@3.0.0
150 silly packumentCache full:https://registry.npmjs.org/aes-js cache-miss
151 http fetch GET 200 https://registry.npmjs.org/aes-js 105ms (cache revalidated)
152 silly packumentCache full:https://registry.npmjs.org/aes-js set size:116677 disposed:false
153 silly fetch manifest bech32@1.1.4
154 silly packumentCache full:https://registry.npmjs.org/bech32 cache-hit
155 silly fetch manifest ws@7.4.6
156 silly packumentCache full:https://registry.npmjs.org/ws cache-miss
157 http fetch GET 200 https://registry.npmjs.org/ws 14ms (cache hit)
158 silly packumentCache full:https://registry.npmjs.org/ws set size:403597 disposed:false
159 silly placeDep ROOT aes-js@3.0.0 OK for: @ethersproject/json-wallets@5.7.0 want: 3.0.0
160 silly fetch manifest bufferutil@^4.0.1
161 silly packumentCache full:https://registry.npmjs.org/bufferutil cache-miss
162 http fetch GET 200 https://registry.npmjs.org/bufferutil 5ms (cache hit)
163 silly packumentCache full:https://registry.npmjs.org/bufferutil set size:49090 disposed:false
164 silly fetch manifest utf-8-validate@^5.0.2
165 silly packumentCache full:https://registry.npmjs.org/utf-8-validate cache-miss
166 http fetch GET 200 https://registry.npmjs.org/utf-8-validate 5ms (cache hit)
167 silly packumentCache full:https://registry.npmjs.org/utf-8-validate set size:73063 disposed:false
168 silly placeDep node_modules/@ethersproject/providers bech32@1.1.4 OK for: @ethersproject/providers@5.7.2 want: 1.1.4
169 silly placeDep node_modules/@ethersproject/providers ws@7.4.6 OK for: @ethersproject/providers@5.7.2 want: 7.4.6
170 silly placeDep ROOT asynckit@0.4.0 OK for: form-data@4.0.0 want: ^0.4.0
171 silly placeDep ROOT combined-stream@1.0.8 OK for: form-data@4.0.0 want: ^1.0.8
172 silly placeDep ROOT mime-types@2.1.35 OK for: form-data@4.0.0 want: ^2.1.12
173 silly fetch manifest delayed-stream@~1.0.0
174 silly packumentCache full:https://registry.npmjs.org/delayed-stream cache-miss
175 http fetch GET 200 https://registry.npmjs.org/delayed-stream 106ms (cache revalidated)
176 silly packumentCache full:https://registry.npmjs.org/delayed-stream set size:15820 disposed:false
177 silly fetch manifest mime-db@1.52.0
178 silly packumentCache full:https://registry.npmjs.org/mime-db cache-miss
179 http fetch GET 200 https://registry.npmjs.org/mime-db 73ms (cache revalidated)
180 silly packumentCache full:https://registry.npmjs.org/mime-db set size:161952 disposed:false
181 silly placeDep ROOT delayed-stream@1.0.0 OK for: combined-stream@1.0.8 want: ~1.0.0
182 silly placeDep ROOT mime-db@1.52.0 OK for: mime-types@2.1.35 want: 1.52.0
183 silly reify moves {}
184 silly audit bulk request {
184 silly audit   '@ethersproject/abi': [ '5.7.0' ],
184 silly audit   '@ethersproject/abstract-provider': [ '5.7.0' ],
184 silly audit   '@ethersproject/abstract-signer': [ '5.7.0' ],
184 silly audit   '@ethersproject/address': [ '5.7.0' ],
184 silly audit   '@ethersproject/base64': [ '5.7.0' ],
184 silly audit   '@ethersproject/bignumber': [ '5.7.0' ],
184 silly audit   '@ethersproject/bytes': [ '5.7.0' ],
184 silly audit   '@ethersproject/constants': [ '5.7.0' ],
184 silly audit   '@ethersproject/hash': [ '5.7.0' ],
184 silly audit   '@ethersproject/keccak256': [ '5.7.0' ],
184 silly audit   '@ethersproject/logger': [ '5.7.0' ],
184 silly audit   '@ethersproject/networks': [ '5.7.1' ],
184 silly audit   '@ethersproject/properties': [ '5.7.0' ],
184 silly audit   '@ethersproject/rlp': [ '5.7.0' ],
184 silly audit   '@ethersproject/signing-key': [ '5.7.0' ],
184 silly audit   '@ethersproject/strings': [ '5.7.0' ],
184 silly audit   '@ethersproject/transactions': [ '5.7.0' ],
184 silly audit   '@ethersproject/web': [ '5.7.1' ],
184 silly audit   '@fastify/busboy': [ '2.1.1' ],
184 silly audit   '@metamask/eth-sig-util': [ '4.0.1' ],
184 silly audit   '@noble/hashes': [ '1.2.0', '1.4.0' ],
184 silly audit   '@noble/secp256k1': [ '1.7.1' ],
184 silly audit   '@nomicfoundation/edr': [ '0.5.2' ],
184 silly audit   '@nomicfoundation/edr-darwin-arm64': [ '0.5.2' ],
184 silly audit   '@nomicfoundation/edr-darwin-x64': [ '0.5.2' ],
184 silly audit   '@nomicfoundation/edr-linux-arm64-gnu': [ '0.5.2' ],
184 silly audit   '@nomicfoundation/edr-linux-arm64-musl': [ '0.5.2' ],
184 silly audit   '@nomicfoundation/edr-linux-x64-gnu': [ '0.5.2' ],
184 silly audit   '@nomicfoundation/edr-linux-x64-musl': [ '0.5.2' ],
184 silly audit   '@nomicfoundation/edr-win32-x64-msvc': [ '0.5.2' ],
184 silly audit   '@nomicfoundation/ethereumjs-common': [ '4.0.4' ],
184 silly audit   '@nomicfoundation/ethereumjs-rlp': [ '5.0.4' ],
184 silly audit   '@nomicfoundation/ethereumjs-tx': [ '5.0.4' ],
184 silly audit   'ethereum-cryptography': [ '0.1.3', '1.2.0' ],
184 silly audit   '@nomicfoundation/ethereumjs-util': [ '9.0.4' ],
184 silly audit   '@nomicfoundation/solidity-analyzer': [ '0.1.2' ],
184 silly audit   '@nomicfoundation/solidity-analyzer-darwin-arm64': [ '0.1.2' ],
184 silly audit   '@nomicfoundation/solidity-analyzer-darwin-x64': [ '0.1.2' ],
184 silly audit   '@nomicfoundation/solidity-analyzer-linux-arm64-gnu': [ '0.1.2' ],
184 silly audit   '@nomicfoundation/solidity-analyzer-linux-arm64-musl': [ '0.1.2' ],
184 silly audit   '@nomicfoundation/solidity-analyzer-linux-x64-gnu': [ '0.1.2' ],
184 silly audit   '@nomicfoundation/solidity-analyzer-linux-x64-musl': [ '0.1.2' ],
184 silly audit   '@nomicfoundation/solidity-analyzer-win32-x64-msvc': [ '0.1.2' ],
184 silly audit   '@openzeppelin/contracts': [ '5.0.2' ],
184 silly audit   '@scure/base': [ '1.1.7' ],
184 silly audit   '@scure/bip32': [ '1.1.5' ],
184 silly audit   '@scure/bip39': [ '1.1.1' ],
184 silly audit   '@sentry/core': [ '5.30.0' ],
184 silly audit   '@sentry/hub': [ '5.30.0' ],
184 silly audit   '@sentry/minimal': [ '5.30.0' ],
184 silly audit   '@sentry/node': [ '5.30.0' ],
184 silly audit   '@sentry/tracing': [ '5.30.0' ],
184 silly audit   '@sentry/types': [ '5.30.0' ],
184 silly audit   '@sentry/utils': [ '5.30.0' ],
184 silly audit   '@types/bn.js': [ '5.1.5', '4.11.6' ],
184 silly audit   '@types/lru-cache': [ '5.1.1' ],
184 silly audit   '@types/node': [ '22.1.0' ],
184 silly audit   '@types/pbkdf2': [ '3.1.2' ],
184 silly audit   '@types/secp256k1': [ '4.0.6' ],
184 silly audit   'adm-zip': [ '0.4.16' ],
184 silly audit   'agent-base': [ '6.0.2' ],
184 silly audit   'aggregate-error': [ '3.1.0' ],
184 silly audit   'ansi-align': [ '3.0.1' ],
184 silly audit   'ansi-colors': [ '4.1.3' ],
184 silly audit   'ansi-escapes': [ '4.3.2' ],
184 silly audit   'ansi-regex': [ '5.0.1' ],
184 silly audit   'ansi-styles': [ '3.2.1', '4.3.0' ],
184 silly audit   anymatch: [ '3.1.3' ],
184 silly audit   argparse: [ '2.0.1' ],
184 silly audit   'balanced-match': [ '1.0.2' ],
184 silly audit   'base-x': [ '3.0.10' ],
184 silly audit   'binary-extensions': [ '2.3.0' ],
184 silly audit   blakejs: [ '1.2.1' ],
184 silly audit   'bn.js': [ '5.2.1', '4.12.0' ],
184 silly audit   boxen: [ '5.1.2' ],
184 silly audit   chalk: [ '4.1.2', '2.4.2' ],
184 silly audit   'color-convert': [ '2.0.1', '1.9.3' ],
184 silly audit   'color-name': [ '1.1.4', '1.1.3' ],
184 silly audit   'has-flag': [ '4.0.0', '3.0.0' ],
184 silly audit   'supports-color': [ '7.2.0', '8.1.1', '5.5.0' ],
184 silly audit   'type-fest': [ '0.20.2', '0.7.1', '0.21.3' ],
184 silly audit   'brace-expansion': [ '1.1.11', '2.0.1' ],
184 silly audit   braces: [ '3.0.3' ],
184 silly audit   brorand: [ '1.1.0' ],
184 silly audit   'browser-stdout': [ '1.3.1' ],
184 silly audit   'browserify-aes': [ '1.2.0' ],
184 silly audit   bs58: [ '4.0.1' ],
184 silly audit   bs58check: [ '2.1.2' ],
184 silly audit   'buffer-from': [ '1.1.2' ],
184 silly audit   'buffer-xor': [ '1.0.3' ],
184 silly audit   bytes: [ '3.1.2' ],
184 silly audit   camelcase: [ '6.3.0' ],
184 silly audit   chokidar: [ '3.6.0' ],
184 silly audit   'ci-info': [ '2.0.0' ],
184 silly audit   'cipher-base': [ '1.0.4' ],
184 silly audit   'clean-stack': [ '2.2.0' ],
184 silly audit   'cli-boxes': [ '2.2.1' ],
184 silly audit   cliui: [ '7.0.4' ],
184 silly audit   'command-exists': [ '1.2.9' ],
184 silly audit   commander: [ '8.3.0' ],
184 silly audit   'concat-map': [ '0.0.1' ],
184 silly audit   cookie: [ '0.4.2' ],
184 silly audit   'create-hash': [ '1.2.0' ],
184 silly audit   'create-hmac': [ '1.1.7' ],
184 silly audit   debug: [ '4.3.6' ],
184 silly audit   decamelize: [ '4.0.0' ],
184 silly audit   depd: [ '2.0.0' ],
184 silly audit   diff: [ '5.2.0' ],
184 silly audit   elliptic: [ '6.5.4' ],
184 silly audit   'emoji-regex': [ '8.0.0' ],
184 silly audit   enquirer: [ '2.4.1' ],
184 silly audit   'env-paths': [ '2.2.1' ],
184 silly audit   escalade: [ '3.1.2' ],
184 silly audit   'escape-string-regexp': [ '1.0.5', '4.0.0' ],
184 silly audit   'ethereumjs-abi': [ '0.6.8' ],
184 silly audit   'ethereumjs-util': [ '6.2.1' ],
184 silly audit   'ethjs-util': [ '0.1.6' ],
184 silly audit   evp_bytestokey: [ '1.0.3' ],
184 silly audit   'fill-range': [ '7.1.1' ],
184 silly audit   'find-up': [ '2.1.0', '5.0.0' ],
184 silly audit   flat: [ '5.0.2' ],
184 silly audit   'follow-redirects': [ '1.15.6' ],
184 silly audit   'fp-ts': [ '1.19.3' ],
184 silly audit   'fs-extra': [ '7.0.1' ],
184 silly audit   'fs.realpath': [ '1.0.0' ],
184 silly audit   fsevents: [ '2.3.3' ],
184 silly audit   'get-caller-file': [ '2.0.5' ],
184 silly audit   glob: [ '7.2.0', '8.1.0' ],
184 silly audit   'glob-parent': [ '5.1.2' ],
184 silly audit   'graceful-fs': [ '4.2.11' ],
184 silly audit   hardhat: [ '2.22.7' ],
184 silly audit   'hash-base': [ '3.1.0' ],
184 silly audit   'hash.js': [ '1.1.7' ],
184 silly audit   he: [ '1.2.0' ],
184 silly audit   'hmac-drbg': [ '1.0.1' ],
184 silly audit   'http-errors': [ '2.0.0' ],
184 silly audit   'https-proxy-agent': [ '5.0.1' ],
184 silly audit   'iconv-lite': [ '0.4.24' ],
184 silly audit   immutable: [ '4.3.7' ],
184 silly audit   'indent-string': [ '4.0.0' ],
184 silly audit   inflight: [ '1.0.6' ],
184 silly audit   inherits: [ '2.0.4' ],
184 silly audit   'io-ts': [ '1.10.4' ],
184 silly audit   'is-binary-path': [ '2.1.0' ],
184 silly audit   'is-extglob': [ '2.1.1' ],
184 silly audit   'is-fullwidth-code-point': [ '3.0.0' ],
184 silly audit   'is-glob': [ '4.0.3' ],
184 silly audit   'is-hex-prefixed': [ '1.0.0' ],
184 silly audit   'is-number': [ '7.0.0' ],
184 silly audit   'is-plain-obj': [ '2.1.0' ],
184 silly audit   'is-unicode-supported': [ '0.1.0' ],
184 silly audit   'js-sha3': [ '0.8.0' ],
184 silly audit   'js-yaml': [ '4.1.0' ],
184 silly audit   jsonfile: [ '4.0.0' ],
184 silly audit   keccak: [ '3.0.4' ],
184 silly audit   'locate-path': [ '2.0.0', '6.0.0' ],
184 silly audit   lodash: [ '4.17.21' ],
184 silly audit   'log-symbols': [ '4.1.0' ],
184 silly audit   lru_map: [ '0.3.3' ],
184 silly audit   'md5.js': [ '1.3.5' ],
184 silly audit   memorystream: [ '0.3.1' ],
184 silly audit   'minimalistic-assert': [ '1.0.1' ],
184 silly audit   'minimalistic-crypto-utils': [ '1.0.1' ],
184 silly audit   minimatch: [ '3.1.2', '5.1.6' ],
184 silly audit   mnemonist: [ '0.38.5' ],
184 silly audit   mocha: [ '10.7.0' ],
184 silly audit   ms: [ '2.1.3', '2.1.2' ],
184 silly audit   'p-limit': [ '3.1.0', '1.3.0' ],
184 silly audit   'p-locate': [ '5.0.0', '2.0.0' ],
184 silly audit   'path-exists': [ '4.0.0', '3.0.0' ],
184 silly audit   'node-addon-api': [ '2.0.2' ],
184 silly audit   'node-gyp-build': [ '4.8.1' ],
184 silly audit   'normalize-path': [ '3.0.0' ],
184 silly audit   obliterator: [ '2.0.4' ],
184 silly audit   once: [ '1.4.0' ],
184 silly audit   'os-tmpdir': [ '1.0.2' ],
184 silly audit   'p-map': [ '4.0.0' ],
184 silly audit   'p-try': [ '1.0.0' ],
184 silly audit   'path-is-absolute': [ '1.0.1' ],
184 silly audit   'path-parse': [ '1.0.7' ],
184 silly audit   pbkdf2: [ '3.1.2' ],
184 silly audit   picomatch: [ '2.3.1' ],
184 silly audit   randombytes: [ '2.1.0' ],
184 silly audit   'raw-body': [ '2.5.2' ],
184 silly audit   'readable-stream': [ '3.6.2' ],
184 silly audit   readdirp: [ '3.6.0' ],
184 silly audit   'require-directory': [ '2.1.1' ],
184 silly audit   resolve: [ '1.17.0' ],
184 silly audit   ripemd160: [ '2.0.2' ],
184 silly audit   rlp: [ '2.2.7', '3.0.0' ],
184 silly audit   'safe-buffer': [ '5.2.1' ],
184 silly audit   'safer-buffer': [ '2.1.2' ],
184 silly audit   'scrypt-js': [ '3.0.1' ],
184 silly audit   secp256k1: [ '4.0.3' ],
184 silly audit   semver: [ '6.3.1', '5.7.2' ],
184 silly audit   'serialize-javascript': [ '6.0.2' ],
184 silly audit   setimmediate: [ '1.0.5' ],
184 silly audit   setprototypeof: [ '1.2.0' ],
184 silly audit   'sha.js': [ '2.4.11' ],
184 silly audit   solc: [ '0.8.26' ],
184 silly audit   'source-map': [ '0.6.1' ],
184 silly audit   'source-map-support': [ '0.5.21' ],
184 silly audit   'stacktrace-parser': [ '0.1.10' ],
184 silly audit   statuses: [ '2.0.1' ],
184 silly audit   string_decoder: [ '1.3.0' ],
184 silly audit   'string-width': [ '4.2.3' ],
184 silly audit   'strip-ansi': [ '6.0.1' ],
184 silly audit   'strip-hex-prefix': [ '1.0.0' ],
184 silly audit   'strip-json-comments': [ '3.1.1' ],
184 silly audit   tmp: [ '0.0.33' ],
184 silly audit   'to-regex-range': [ '5.0.1' ],
184 silly audit   toidentifier: [ '1.0.1' ],
184 silly audit   tslib: [ '1.14.1' ],
184 silly audit   tsort: [ '0.0.1' ],
184 silly audit   tweetnacl: [ '1.0.3' ],
184 silly audit   'tweetnacl-util': [ '0.15.1' ],
184 silly audit   undici: [ '5.28.4' ],
184 silly audit   'undici-types': [ '6.13.0' ],
184 silly audit   universalify: [ '0.1.2' ],
184 silly audit   unpipe: [ '1.0.0' ],
184 silly audit   'util-deprecate': [ '1.0.2' ],
184 silly audit   uuid: [ '8.3.2' ],
184 silly audit   'widest-line': [ '3.1.0' ],
184 silly audit   workerpool: [ '6.5.1' ],
184 silly audit   'wrap-ansi': [ '7.0.0' ],
184 silly audit   wrappy: [ '1.0.2' ],
184 silly audit   ws: [ '7.5.10', '7.4.6' ],
184 silly audit   y18n: [ '5.0.8' ],
184 silly audit   yargs: [ '16.2.0' ],
184 silly audit   'yargs-parser': [ '20.2.9' ],
184 silly audit   'yargs-unparser': [ '2.0.0' ],
184 silly audit   'yocto-queue': [ '0.1.0' ],
184 silly audit   '@swisstronik/utils': [ '1.3.0' ],
184 silly audit   '@oasisprotocol/deoxysii': [ '0.0.5' ],
184 silly audit   axios: [ '1.7.3' ],
184 silly audit   bech32: [ '2.0.0', '1.1.4' ],
184 silly audit   ethers: [ '5.7.2' ],
184 silly audit   bsaes: [ '0.0.2' ],
184 silly audit   uint32: [ '0.2.1' ],
184 silly audit   'form-data': [ '4.0.0' ],
184 silly audit   'proxy-from-env': [ '1.1.0' ],
184 silly audit   '@ethersproject/basex': [ '5.7.0' ],
184 silly audit   '@ethersproject/contracts': [ '5.7.0' ],
184 silly audit   '@ethersproject/hdnode': [ '5.7.0' ],
184 silly audit   '@ethersproject/json-wallets': [ '5.7.0' ],
184 silly audit   '@ethersproject/pbkdf2': [ '5.7.0' ],
184 silly audit   '@ethersproject/providers': [ '5.7.2' ],
184 silly audit   '@ethersproject/random': [ '5.7.0' ],
184 silly audit   '@ethersproject/sha2': [ '5.7.0' ],
184 silly audit   '@ethersproject/solidity': [ '5.7.0' ],
184 silly audit   '@ethersproject/units': [ '5.7.0' ],
184 silly audit   '@ethersproject/wallet': [ '5.7.0' ],
184 silly audit   '@ethersproject/wordlists': [ '5.7.0' ],
184 silly audit   'aes-js': [ '3.0.0' ],
184 silly audit   asynckit: [ '0.4.0' ],
184 silly audit   'combined-stream': [ '1.0.8' ],
184 silly audit   'mime-types': [ '2.1.35' ],
184 silly audit   'delayed-stream': [ '1.0.0' ],
184 silly audit   'mime-db': [ '1.52.0' ]
184 silly audit }
185 verbose reify failed optional dependency /home/pranavjha0002/node_modules/fsevents
186 silly reify mark deleted [ '/home/pranavjha0002/node_modules/fsevents' ]
187 silly tarball no local data for uint32@https://registry.npmjs.org/uint32/-/uint32-0.2.1.tgz. Extracting by manifest.
188 silly tarball no local data for bsaes@https://registry.npmjs.org/bsaes/-/bsaes-0.0.2.tgz. Extracting by manifest.
189 silly tarball no local data for bech32@https://registry.npmjs.org/bech32/-/bech32-2.0.0.tgz. Extracting by manifest.
190 silly tarball no local data for @oasisprotocol/deoxysii@https://registry.npmjs.org/@oasisprotocol/deoxysii/-/deoxysii-0.0.5.tgz. Extracting by manifest.
191 silly tarball no local data for @swisstronik/utils@https://registry.npmjs.org/@swisstronik/utils/-/utils-1.3.0.tgz. Extracting by manifest.
192 silly tarball no local data for rlp@https://registry.npmjs.org/rlp/-/rlp-3.0.0.tgz. Extracting by manifest.
193 http fetch POST 200 https://registry.npmjs.org/-/npm/v1/security/advisories/bulk 233ms
194 silly audit report {
194 silly audit report   elliptic: [
194 silly audit report     {
194 silly audit report       id: 1098396,
194 silly audit report       url: 'https://github.com/advisories/GHSA-49q7-c7j4-3p7m',
194 silly audit report       title: 'Elliptic allows BER-encoded signatures',
194 silly audit report       severity: 'low',
194 silly audit report       vulnerable_versions: '>=5.2.1 <=6.5.6',
194 silly audit report       cwe: [],
194 silly audit report       cvss: [Object]
194 silly audit report     },
194 silly audit report     {
194 silly audit report       id: 1098397,
194 silly audit report       url: 'https://github.com/advisories/GHSA-977x-g7h5-7qgw',
194 silly audit report       title: "Elliptic's ECDSA missing check for whether leading bit of r and s is zero",
194 silly audit report       severity: 'low',
194 silly audit report       vulnerable_versions: '>=2.0.0 <=6.5.6',
194 silly audit report       cwe: [Array],
194 silly audit report       cvss: [Object]
194 silly audit report     },
194 silly audit report     {
194 silly audit report       id: 1098398,
194 silly audit report       url: 'https://github.com/advisories/GHSA-f7q4-pwc6-w24p',
194 silly audit report       title: "Elliptic's EDDSA missing signature length check",
194 silly audit report       severity: 'low',
194 silly audit report       vulnerable_versions: '>=4.0.0 <=6.5.6',
194 silly audit report       cwe: [Array],
194 silly audit report       cvss: [Object]
194 silly audit report     }
194 silly audit report   ],
194 silly audit report   ws: [
194 silly audit report     {
194 silly audit report       id: 1098393,
194 silly audit report       url: 'https://github.com/advisories/GHSA-3h5v-q93c-6h6q',
194 silly audit report       title: 'ws affected by a DoS when handling a request with many HTTP headers',
194 silly audit report       severity: 'high',
194 silly audit report       vulnerable_versions: '>=7.0.0 <7.5.10',
194 silly audit report       cwe: [Array],
194 silly audit report       cvss: [Object]
194 silly audit report     }
194 silly audit report   ]
194 silly audit report }
195 silly packumentCache corgi:https://registry.npmjs.org/elliptic cache-miss
196 silly packumentCache corgi:https://registry.npmjs.org/ws cache-miss
197 http fetch GET 200 https://registry.npmjs.org/elliptic 224ms (cache hit)
198 silly packumentCache corgi:https://registry.npmjs.org/elliptic set size:63979 disposed:false
199 http fetch GET 200 https://registry.npmjs.org/uint32/-/uint32-0.2.1.tgz 436ms (cache miss)
200 http fetch GET 200 https://registry.npmjs.org/bech32/-/bech32-2.0.0.tgz 449ms (cache miss)
201 http fetch GET 200 https://registry.npmjs.org/rlp/-/rlp-3.0.0.tgz 455ms (cache miss)
202 http fetch GET 200 https://registry.npmjs.org/bsaes/-/bsaes-0.0.2.tgz 486ms (cache miss)
203 http fetch GET 200 https://registry.npmjs.org/ws 311ms (cache revalidated)
204 silly packumentCache corgi:https://registry.npmjs.org/ws set size:190597 disposed:false
205 silly packumentCache corgi:https://registry.npmjs.org/@ethersproject%2fsigning-key cache-miss
206 silly packumentCache corgi:https://registry.npmjs.org/ethereumjs-util cache-miss
207 silly packumentCache corgi:https://registry.npmjs.org/secp256k1 cache-miss
208 http fetch GET 200 https://registry.npmjs.org/@ethersproject%2fsigning-key 88ms (cache hit)
209 silly packumentCache corgi:https://registry.npmjs.org/@ethersproject%2fsigning-key set size:73186 disposed:false
210 http fetch GET 200 https://registry.npmjs.org/ethereumjs-util 87ms (cache hit)
211 silly packumentCache corgi:https://registry.npmjs.org/ethereumjs-util set size:95236 disposed:false
212 http fetch GET 200 https://registry.npmjs.org/secp256k1 96ms (cache hit)
213 silly packumentCache corgi:https://registry.npmjs.org/secp256k1 set size:62615 disposed:false
214 silly packumentCache corgi:https://registry.npmjs.org/@ethersproject%2fproviders cache-miss
215 http fetch GET 200 https://registry.npmjs.org/@ethersproject%2fproviders 168ms (cache revalidated)
216 silly packumentCache corgi:https://registry.npmjs.org/@ethersproject%2fproviders set size:248939 disposed:false
217 silly packumentCache corgi:https://registry.npmjs.org/@ethersproject%2ftransactions cache-miss
218 silly packumentCache corgi:https://registry.npmjs.org/ethers cache-miss
219 silly packumentCache corgi:https://registry.npmjs.org/@ethersproject%2fhdnode cache-miss
220 silly packumentCache corgi:https://registry.npmjs.org/@ethersproject%2fwallet cache-miss
221 http fetch GET 200 https://registry.npmjs.org/@swisstronik/utils/-/utils-1.3.0.tgz 806ms (cache miss)
222 http fetch GET 200 https://registry.npmjs.org/@oasisprotocol/deoxysii/-/deoxysii-0.0.5.tgz 818ms (cache miss)
223 http fetch GET 200 https://registry.npmjs.org/@ethersproject%2ftransactions 33ms (cache hit)
224 silly packumentCache corgi:https://registry.npmjs.org/@ethersproject%2ftransactions set size:84280 disposed:false
225 http fetch GET 200 https://registry.npmjs.org/ethers 109ms (cache revalidated)
226 silly packumentCache corgi:https://registry.npmjs.org/ethers set size:678558 disposed:false
227 http fetch GET 200 https://registry.npmjs.org/@ethersproject%2fwallet 136ms (cache revalidated)
228 silly packumentCache corgi:https://registry.npmjs.org/@ethersproject%2fwallet set size:112557 disposed:false
229 http fetch GET 200 https://registry.npmjs.org/@ethersproject%2fhdnode 271ms (cache revalidated)
230 silly packumentCache corgi:https://registry.npmjs.org/@ethersproject%2fhdnode set size:88518 disposed:false
231 silly packumentCache corgi:https://registry.npmjs.org/@metamask%2feth-sig-util cache-miss
232 silly packumentCache corgi:https://registry.npmjs.org/ethereumjs-abi cache-miss
233 http fetch GET 200 https://registry.npmjs.org/@metamask%2feth-sig-util 74ms (cache hit)
234 silly packumentCache corgi:https://registry.npmjs.org/@metamask%2feth-sig-util set size:28639 disposed:false
235 http fetch GET 200 https://registry.npmjs.org/ethereumjs-abi 74ms (cache hit)
236 silly packumentCache corgi:https://registry.npmjs.org/ethereumjs-abi set size:12692 disposed:false
237 silly packumentCache corgi:https://registry.npmjs.org/ethereum-cryptography cache-miss
238 http fetch GET 200 https://registry.npmjs.org/ethereum-cryptography 4ms (cache hit)
239 silly packumentCache corgi:https://registry.npmjs.org/ethereum-cryptography set size:66622 disposed:false
240 silly packumentCache corgi:https://registry.npmjs.org/@ethersproject%2fabstract-provider cache-miss
241 silly packumentCache corgi:https://registry.npmjs.org/@ethersproject%2fcontracts cache-miss
242 silly packumentCache corgi:https://registry.npmjs.org/@ethersproject%2fjson-wallets cache-miss
243 http fetch GET 200 https://registry.npmjs.org/@ethersproject%2fabstract-provider 69ms (cache hit)
244 silly packumentCache corgi:https://registry.npmjs.org/@ethersproject%2fabstract-provider set size:85713 disposed:false
245 http fetch GET 200 https://registry.npmjs.org/@ethersproject%2fcontracts 145ms (cache revalidated)
246 silly packumentCache corgi:https://registry.npmjs.org/@ethersproject%2fcontracts set size:120426 disposed:false
247 http fetch GET 200 https://registry.npmjs.org/@ethersproject%2fjson-wallets 159ms (cache revalidated)
248 silly packumentCache corgi:https://registry.npmjs.org/@ethersproject%2fjson-wallets set size:83133 disposed:false
249 silly packumentCache corgi:https://registry.npmjs.org/@swisstronik%2futils cache-miss
250 http fetch GET 200 https://registry.npmjs.org/@swisstronik%2futils 457ms (cache miss)
251 silly packumentCache corgi:https://registry.npmjs.org/@swisstronik%2futils set size:undefined disposed:false
252 silly packumentCache corgi:https://registry.npmjs.org/hardhat cache-miss
253 http fetch GET 200 https://registry.npmjs.org/hardhat 7ms (cache hit)
254 silly packumentCache corgi:https://registry.npmjs.org/hardhat set size:509741 disposed:false
255 silly packumentCache corgi:https://registry.npmjs.org/@nomicfoundation%2fethereumjs-tx cache-miss
256 silly packumentCache corgi:https://registry.npmjs.org/@nomicfoundation%2fethereumjs-util cache-miss
257 http fetch GET 200 https://registry.npmjs.org/@nomicfoundation%2fethereumjs-tx 11ms (cache hit)
258 silly packumentCache corgi:https://registry.npmjs.org/@nomicfoundation%2fethereumjs-tx set size:19938 disposed:false
259 http fetch GET 200 https://registry.npmjs.org/@nomicfoundation%2fethereumjs-util 11ms (cache hit)
260 silly packumentCache corgi:https://registry.npmjs.org/@nomicfoundation%2fethereumjs-util set size:18113 disposed:false
261 silly packumentCache corgi:https://registry.npmjs.org/@ethersproject%2fabstract-signer cache-miss
262 http fetch GET 200 https://registry.npmjs.org/@ethersproject%2fabstract-signer 28ms (cache hit)
263 silly packumentCache corgi:https://registry.npmjs.org/@ethersproject%2fabstract-signer set size:91647 disposed:false
264 silly packumentCache corgi:https://registry.npmjs.org/@nomicfoundation%2fethereumjs-common cache-miss
265 http fetch GET 200 https://registry.npmjs.org/@nomicfoundation%2fethereumjs-common 7ms (cache hit)
266 silly packumentCache corgi:https://registry.npmjs.org/@nomicfoundation%2fethereumjs-common set size:16651 disposed:false
267 silly packumentCache corgi:https://registry.npmjs.org/@ethersproject%2fhash cache-miss
268 http fetch GET 200 https://registry.npmjs.org/@ethersproject%2fhash 26ms (cache hit)
269 silly packumentCache corgi:https://registry.npmjs.org/@ethersproject%2fhash set size:80837 disposed:false
270 silly packumentCache corgi:https://registry.npmjs.org/@ethersproject%2fabi cache-miss
271 silly packumentCache corgi:https://registry.npmjs.org/@ethersproject%2fwordlists cache-miss
272 http fetch GET 200 https://registry.npmjs.org/@ethersproject%2fabi 16ms (cache hit)
273 silly packumentCache corgi:https://registry.npmjs.org/@ethersproject%2fabi set size:135291 disposed:false
274 http fetch GET 200 https://registry.npmjs.org/@ethersproject%2fwordlists 97ms (cache revalidated)
275 silly packumentCache corgi:https://registry.npmjs.org/@ethersproject%2fwordlists set size:72894 disposed:false
276 silly ADD node_modules/mime-db
277 silly ADD node_modules/delayed-stream
278 silly ADD node_modules/mime-types
279 silly ADD node_modules/combined-stream
280 silly ADD node_modules/asynckit
281 silly ADD node_modules/aes-js
282 silly ADD node_modules/@ethersproject/wordlists
283 silly ADD node_modules/@ethersproject/wallet
284 silly ADD node_modules/@ethersproject/units
285 silly ADD node_modules/@ethersproject/solidity
286 silly ADD node_modules/@ethersproject/sha2
287 silly ADD node_modules/@ethersproject/random
288 silly ADD node_modules/@ethersproject/providers
289 silly ADD node_modules/@ethersproject/providers/node_modules/ws
290 silly ADD node_modules/@ethersproject/providers/node_modules/bech32
291 silly ADD node_modules/@ethersproject/pbkdf2
292 silly ADD node_modules/@ethersproject/json-wallets
293 silly ADD node_modules/@ethersproject/hdnode
294 silly ADD node_modules/@ethersproject/contracts
295 silly ADD node_modules/@ethersproject/basex
296 silly ADD node_modules/proxy-from-env
297 silly ADD node_modules/form-data
298 silly ADD node_modules/uint32
299 silly ADD node_modules/bsaes
300 silly ADD node_modules/ethers
301 silly ADD node_modules/bech32
302 silly ADD node_modules/axios
303 silly ADD node_modules/@oasisprotocol/deoxysii
304 silly ADD node_modules/@swisstronik/utils
305 silly ADD node_modules/@swisstronik/utils/node_modules/rlp
306 silly ADD node_modules/@swisstronik/utils/node_modules/@noble/hashes
307 silly ADD
308 verbose cwd /home/pranavjha0002
309 verbose os Linux 6.1.85+
310 verbose node v20.16.0
311 verbose npm  v10.8.1
312 verbose exit 0
313 info ok
